<?xml version="1.0" encoding="UTF-8"?>
<testsuites name="jest tests" tests="1" failures="0" errors="0" time="6.723">
  <testsuite name="undefined" errors="0" failures="0" skipped="0" timestamp="2023-06-19T11:44:26" time="6.669" tests="1">
    <testcase classname=" POST /api/v1/auth/signup" name=" POST /api/v1/auth/signup" time="5.465">
    </testcase>
  </testsuite>
</testsuites>